(0000) 3000  0011000000000000 (  21)                 .ORIG x3000
(3000) A01D  1010000000011101 (  22)                 LDI   R0 X
(3001) A21D  1010001000011101 (  23)                 LDI   R1 Y
(3002) 967F  1001011001111111 (  26)                 NOT   R3 R1
(3003) 16E1  0001011011100001 (  27)                 ADD   R3 R3 #1
(3004) 1603  0001011000000011 (  28)                 ADD   R3 R0 R3
(3005) B61A  1011011000011010 (  29)                 STI   R3 XSUBY
(3006) 1420  0001010000100000 (  32)                 ADD   R2 R0 #0
(3007) 0603  0000011000000011 (  33)                 BRZP  abs1
(3008) 94BF  1001010010111111 (  34)                 NOT   R2 R2
(3009) 14A1  0001010010100001 (  35)                 ADD   R2 R2 #1
(300A) B416  1011010000010110 (  36)                 STI   R2 absX
(300B) B415  1011010000010101 (  38) abs1            STI   R2 absX
(300C) 1660  0001011001100000 (  41)                 ADD   R3 R1 #0
(300D) 0603  0000011000000011 (  42)                 BRZP  abs2
(300E) 96FF  1001011011111111 (  43)                 NOT   R3 R3
(300F) 16E1  0001011011100001 (  44)                 ADD   R3 R3 #1
(3010) B611  1011011000010001 (  45)                 STI   R3 absY
(3011) B610  1011011000010000 (  47) abs2            STI   R3 absY
(3012) 98FF  1001100011111111 (  50)                 NOT   R4 R3
(3013) 1921  0001100100100001 (  51)                 ADD   R4 R4 #1
(3014) 1884  0001100010000100 (  52)                 ADD   R4 R2 R4
(3015) 0406  0000010000000110 (  53)                 BRZ   store
(3016) 0203  0000001000000011 (  54)                 BRP   pos
(3017) 5920  0101100100100000 (  56)                 AND   R4 R4 #0
(3018) 1922  0001100100100010 (  57)                 ADD   R4 R4 #2
(3019) 0E02  0000111000000010 (  58)                 BRNZP store
(301A) 5920  0101100100100000 (  61) pos             AND   R4 R4 #0
(301B) 1921  0001100100100001 (  62)                 ADD   R4 R4 #1
(301C) B806  1011100000000110 (  64) store           STI   R4 Z
(301D) F025  1111000000100101 (  66)                 TRAP  x25
(301E) 3120  0011000100100000 (  68) X               .FILL x3120
(301F) 3121  0011000100100001 (  69) Y               .FILL x3121
(3020) 3122  0011000100100010 (  70) XSUBY           .FILL x3122
(3021) 3123  0011000100100011 (  71) absX            .FILL x3123
(3022) 3124  0011000100100100 (  72) absY            .FILL x3124
(3023) 3125  0011000100100101 (  73) Z               .FILL x3125
