  Cube.cpp
c:\users\daniel\documents\visual studio 2017\projects\cse 520\cubemap\cubemap\cube.cpp(58): warning C4554: '^': check operator precedence for possible error; use parentheses to clarify precedence
c:\users\daniel\documents\visual studio 2017\projects\cse 520\cubemap\cubemap\cube.cpp(68): warning C4101: 'c': unreferenced local variable
c:\users\daniel\documents\visual studio 2017\projects\cse 520\cubemap\cubemap\cube.cpp(68): warning C4101: 'j': unreferenced local variable
c:\users\daniel\documents\visual studio 2017\projects\cse 520\cubemap\cubemap\cube.cpp(68): warning C4101: 'i': unreferenced local variable
f:\program files (x86)\microsoft visual studio\2017\community\vc\tools\msvc\14.15.26726\include\gl\glut.h(486): warning C4505: 'glutInit_ATEXIT_HACK': unreferenced local function has been removed
f:\program files (x86)\microsoft visual studio\2017\community\vc\tools\msvc\14.15.26726\include\gl\glut.h(503): warning C4505: 'glutCreateWindow_ATEXIT_HACK': unreferenced local function has been removed
f:\program files (x86)\microsoft visual studio\2017\community\vc\tools\msvc\14.15.26726\include\gl\glut.h(549): warning C4505: 'glutCreateMenu_ATEXIT_HACK': unreferenced local function has been removed
LINK : warning LNK4098: defaultlib 'LIBCMT' conflicts with use of other libs; use /NODEFAULTLIB:library
Cube.obj : warning LNK4049: locally defined symbol ___glewActiveTexture imported
Cube.obj : warning LNK4049: locally defined symbol ___glewBindBuffer imported
Cube.obj : warning LNK4049: locally defined symbol ___glewBufferData imported
Cube.obj : warning LNK4049: locally defined symbol ___glewGenBuffers imported
Cube.obj : warning LNK4049: locally defined symbol ___glewEnableVertexAttribArray imported
Cube.obj : warning LNK4049: locally defined symbol ___glewGetUniformLocation imported
Cube.obj : warning LNK4049: locally defined symbol ___glewUniformMatrix4fv imported
Cube.obj : warning LNK4049: locally defined symbol ___glewVertexAttribPointer imported
Cube.obj : warning LNK4049: locally defined symbol ___glewBindVertexArray imported
Cube.obj : warning LNK4049: locally defined symbol ___glewGenVertexArrays imported
Shader.obj : warning LNK4049: locally defined symbol ___glewAttachShader imported
Shader.obj : warning LNK4049: locally defined symbol ___glewCompileShader imported
Shader.obj : warning LNK4049: locally defined symbol ___glewCreateProgram imported
Shader.obj : warning LNK4049: locally defined symbol ___glewCreateShader imported
Shader.obj : warning LNK4049: locally defined symbol ___glewDeleteProgram imported
Shader.obj : warning LNK4049: locally defined symbol ___glewDeleteShader imported
Shader.obj : warning LNK4049: locally defined symbol ___glewGetProgramiv imported
Shader.obj : warning LNK4049: locally defined symbol ___glewGetShaderInfoLog imported
Shader.obj : warning LNK4049: locally defined symbol ___glewGetShaderiv imported
Shader.obj : warning LNK4049: locally defined symbol ___glewLinkProgram imported
Shader.obj : warning LNK4049: locally defined symbol ___glewShaderSource imported
Shader.obj : warning LNK4049: locally defined symbol ___glewUseProgram imported
glew32s.lib(glew.obj) : warning LNK4099: PDB 'vc120.pdb' was not found with 'glew32s.lib(glew.obj)' or at 'C:\Users\Daniel\Documents\Visual Studio 2017\Projects\CSE 520\cubemap\Debug\vc120.pdb'; linking object as if no debug info
  cubemap.vcxproj -> C:\Users\Daniel\Documents\Visual Studio 2017\Projects\CSE 520\cubemap\Debug\cubemap.exe
