(0000) 3000  0011000000000000 (  18)                 .ORIG x3000
(3000) 5920  0101100100100000 (  20)                 AND   R4 R4 #0
(3001) 1921  0001100100100001 (  21)                 ADD   R4 R4 #1
(3002) A223  1010001000100011 (  24)                 LDI   R1 X
(3003) 1260  0001001001100000 (  25)                 ADD   R1 R1 #0
(3004) 0604  0000011000000100 (  26)                 BRZP  POSX
(3005) 993F  1001100100111111 (  27)                 NOT   R4 R4
(3006) 1921  0001100100100001 (  28)                 ADD   R4 R4 #1
(3007) 927F  1001001001111111 (  29)                 NOT   R1 R1
(3008) 1261  0001001001100001 (  30)                 ADD   R1 R1 #1
(3009) A41D  1010010000011101 (  33) POSX            LDI   R2 Y
(300A) 0604  0000011000000100 (  34)                 BRZP  POSY
(300B) 993F  1001100100111111 (  35)                 NOT   R4 R4
(300C) 1921  0001100100100001 (  36)                 ADD   R4 R4 #1
(300D) 94BF  1001010010111111 (  37)                 NOT   R2 R2
(300E) 14A1  0001010010100001 (  38)                 ADD   R2 R2 #1
(300F) 56E0  0101011011100000 (  41) POSY            AND   R3 R3 #0
(3010) 1A60  0001101001100000 (  42)                 ADD   R5 R1 #0
(3011) 1CA0  0001110010100000 (  43)                 ADD   R6 R2 #0
(3012) 481A  0100100000011010 (  44)                 JSR   MULT
(3013) 1920  0001100100100000 (  47)                 ADD   R4 R4 #0
(3014) 0202  0000001000000010 (  48)                 BRP   POS
(3015) 96FF  1001011011111111 (  49)                 NOT   R3 R3
(3016) 16E1  0001011011100001 (  50)                 ADD   R3 R3 #1
(3017) B610  1011011000010000 (  51) POS             STI   R3 PROD
(3018) 56E0  0101011011100000 (  53)                 AND   R3 R3 #0
(3019) 5920  0101100100100000 (  54)                 AND   R4 R4 #0
(301A) 5B60  0101101101100000 (  55)                 AND   R5 R5 #0
(301B) 5DA0  0101110110100000 (  56)                 AND   R6 R6 #0
(301C) 1B41  0001101101000001 (  58)                 ADD   R5 R5 R1
(301D) 0805  0000100000000101 (  59)                 BRN   INVALID
(301E) 1D82  0001110110000010 (  60)                 ADD   R6 R6 R2
(301F) 0C03  0000110000000011 (  61)                 BRNZ  INVALID
(3020) 9DBF  1001110110111111 (  64)                 NOT   R6 R6
(3021) 1DA1  0001110110100001 (  65)                 ADD   R6 R6 #1
(3022) 4812  0100100000010010 (  66)                 JSR   DIV
(3023) B606  1011011000000110 (  68) INVALID         STI   R3 MODU
(3024) B804  1011100000000100 (  69)                 STI   R4 QUOT
(3025) F025  1111000000100101 (  71)                 TRAP  x25
(3026) 3100  0011000100000000 (  73) X               .FILL x3100
(3027) 3101  0011000100000001 (  74) Y               .FILL x3101
(3028) 3102  0011000100000010 (  75) PROD            .FILL x3102
(3029) 3103  0011000100000011 (  76) QUOT            .FILL x3103
(302A) 3104  0011000100000100 (  77) MODU            .FILL x3104
(302B) 3110  0011000100010000 (  79) SaveR5          .FILL x3110
(302C) 3111  0011000100010001 (  80) SaveR6          .FILL x3111
(302D) 3BFD  0011101111111101 (  83) MULT            ST    R5 SaveR5
(302E) 3DFD  0011110111111101 (  84)                 ST    R6 SaveR6
(302F) 16C5  0001011011000101 (  86) LOOPM           ADD   R3 R3 R5
(3030) 1DBF  0001110110111111 (  87)                 ADD   R6 R6 #-1
(3031) 03FD  0000001111111101 (  88)                 BRP   LOOPM
(3032) 2BF8  0010101111111000 (  90)                 LD    R5 SaveR5
(3033) 2DF8  0010110111111000 (  91)                 LD    R6 SaveR6
(3034) C1C0  1100000111000000 (  92)                 RET   
(3035) 16C5  0001011011000101 (  95) DIV             ADD   R3 R3 R5
(3036) 10C6  0001000011000110 (  97) LOOP2           ADD   R0 R3 R6
(3037) 0803  0000100000000011 (  98)                 BRN   RETURN
(3038) 16C6  0001011011000110 ( 100)                 ADD   R3 R3 R6
(3039) 1921  0001100100100001 ( 101)                 ADD   R4 R4 #1
(303A) 0FFB  0000111111111011 ( 102)                 BRNZP LOOP2
(303B) C1C0  1100000111000000 ( 105) RETURN          RET   
