(0000) 3000  0011000000000000 (  27)                 .ORIG x3000
(3000) A623  1010011000100011 (  28)                 LDI   R3 n
(3001) 5920  0101100100100000 (  33)                 AND   R4 R4 #0
(3002) 193E  0001100100111110 (  34)                 ADD   R4 R4 #-2
(3003) 1B60  0001101101100000 (  35)                 ADD   R5 R5 #0
(3004) 1B03  0001101100000011 (  36)                 ADD   R5 R4 R3
(3005) 0603  0000011000000011 (  37)                 BRZP  ELSE
(3006) 5260  0101001001100000 (  39)                 AND   R1 R1 #0
(3007) 1261  0001001001100001 (  40)                 ADD   R1 R1 #1
(3008) B21C  1011001000011100 (  41)                 STI   R1 Fn
(3009) 5260  0101001001100000 (  44) ELSE            AND   R1 R1 #0
(300A) 1261  0001001001100001 (  45)                 ADD   R1 R1 #1
(300B) 54A0  0101010010100000 (  46)                 AND   R2 R2 #0
(300C) 14A1  0001010010100001 (  47)                 ADD   R2 R2 #1
(300D) 16FE  0001011011111110 (  50)                 ADD   R3 R3 #-2
(300E) 5920  0101100100100000 (  51)                 AND   R4 R4 #0
(300F) 5B60  0101101101100000 (  52)                 AND   R5 R5 #0
(3010) 9CFF  1001110011111111 (  56) LOOP1           NOT   R6 R3
(3011) 1DA1  0001110110100001 (  57)                 ADD   R6 R6 #1
(3012) 1D85  0001110110000101 (  58)                 ADD   R6 R6 R5
(3013) 0405  0000010000000101 (  59)                 BRZ   STORE
(3014) 1842  0001100001000010 (  61)                 ADD   R4 R1 R2
(3015) 12A0  0001001010100000 (  62)                 ADD   R1 R2 #0
(3016) 1520  0001010100100000 (  63)                 ADD   R2 R4 #0
(3017) 1B61  0001101101100001 (  64)                 ADD   R5 R5 #1
(3018) 0FF7  0000111111110111 (  65)                 BRNZP LOOP1
(3019) B80B  1011100000001011 (  67) STORE           STI   R4 Fn
(301A) 1B62  0001101101100010 (  72)                 ADD   R5 R5 #2
(301B) 1842  0001100001000010 (  73) LOOP2           ADD   R4 R1 R2
(301C) 0804  0000100000000100 (  74)                 BRN   OVER
(301D) 12A0  0001001010100000 (  76)                 ADD   R1 R2 #0
(301E) 1520  0001010100100000 (  77)                 ADD   R2 R4 #0
(301F) 1B61  0001101101100001 (  78)                 ADD   R5 R5 #1
(3020) 0FFA  0000111111111010 (  79)                 BRNZP LOOP2
(3021) BA04  1011101000000100 (  81) OVER            STI   R5 N
(3022) B404  1011010000000100 (  82)                 STI   R2 FN
(3023) F025  1111000000100101 (  84)                 TRAP  x25
(3024) 3100  0011000100000000 (  86) n               .FILL x3100
(3025) 3101  0011000100000001 (  87) Fn              .FILL x3101
(3026) 3102  0011000100000010 (  88) N               .FILL x3102
(3027) 3103  0011000100000011 (  89) FN              .FILL x3103
