(0000) 3000  0011000000000000 (  25)                 .ORIG x3000
(3000) E016  1110000000010110 (  26) RESTART         LEA   R0 PROMPT
(3001) F022  1111000000100010 (  27)                 TRAP  x22
(3002) F020  1111000000100000 (  28)                 TRAP  x20
(3003) 1620  0001011000100000 (  31)                 ADD   R3 R0 #0
(3004) 16F0  0001011011110000 (  32)                 ADD   R3 R3 #-16
(3005) 16F0  0001011011110000 (  33)                 ADD   R3 R3 #-16
(3006) 16F0  0001011011110000 (  34)                 ADD   R3 R3 #-16
(3007) 5920  0101100100100000 (  38)                 AND   R4 R4 #0
(3008) 1939  0001100100111001 (  39)                 ADD   R4 R4 #-7
(3009) 5B60  0101101101100000 (  40)                 AND   R5 R5 #0
(300A) 1AC4  0001101011000100 (  41)                 ADD   R5 R3 R4
(300B) 060A  0000011000001010 (  42)                 BRZP  BAD
(300C) E020  1110000000100000 (  45)                 LEA   R0 DAYS
(300D) 16E0  0001011011100000 (  46)                 ADD   R3 R3 #0
(300E) 0403  0000010000000011 (  47) LOOP            BRZ   DISPLAY
(300F) 102A  0001000000101010 (  48)                 ADD   R0 R0 #10
(3010) 16FF  0001011011111111 (  49)                 ADD   R3 R3 #-1
(3011) 0FFC  0000111111111100 (  50)                 BRNZP LOOP
(3012) F022  1111000000100010 (  52) DISPLAY         TRAP  x22
(3013) E05F  1110000001011111 (  53)                 LEA   R0 LF
(3014) F022  1111000000100010 (  54)                 TRAP  x22
(3015) 0FEA  0000111111101010 (  56)                 BRNZP RESTART
(3016) F025  1111000000100101 (  58) BAD             TRAP  x25
(3017) 0050  0000000001010000 (  60) PROMPT          .FILL x0050
(3018) 006C  0000000001101100 (  60)                 .FILL x006C
(3019) 0065  0000000001100101 (  60)                 .FILL x0065
(301A) 0061  0000000001100001 (  60)                 .FILL x0061
(301B) 0073  0000000001110011 (  60)                 .FILL x0073
(301C) 0065  0000000001100101 (  60)                 .FILL x0065
(301D) 0020  0000000000100000 (  60)                 .FILL x0020
(301E) 0065  0000000001100101 (  60)                 .FILL x0065
(301F) 006E  0000000001101110 (  60)                 .FILL x006E
(3020) 0074  0000000001110100 (  60)                 .FILL x0074
(3021) 0065  0000000001100101 (  60)                 .FILL x0065
(3022) 0072  0000000001110010 (  60)                 .FILL x0072
(3023) 0020  0000000000100000 (  60)                 .FILL x0020
(3024) 006E  0000000001101110 (  60)                 .FILL x006E
(3025) 0075  0000000001110101 (  60)                 .FILL x0075
(3026) 006D  0000000001101101 (  60)                 .FILL x006D
(3027) 0062  0000000001100010 (  60)                 .FILL x0062
(3028) 0065  0000000001100101 (  60)                 .FILL x0065
(3029) 0072  0000000001110010 (  60)                 .FILL x0072
(302A) 003A  0000000000111010 (  60)                 .FILL x003A
(302B) 0020  0000000000100000 (  60)                 .FILL x0020
(302C) 0000  0000000000000000 (  60)                 .FILL x0000
(302D) 0053  0000000001010011 (  62) DAYS            .FILL x0053
(302E) 0075  0000000001110101 (  62)                 .FILL x0075
(302F) 006E  0000000001101110 (  62)                 .FILL x006E
(3030) 0064  0000000001100100 (  62)                 .FILL x0064
(3031) 0061  0000000001100001 (  62)                 .FILL x0061
(3032) 0079  0000000001111001 (  62)                 .FILL x0079
(3033) 0020  0000000000100000 (  62)                 .FILL x0020
(3034) 0020  0000000000100000 (  62)                 .FILL x0020
(3035) 0020  0000000000100000 (  62)                 .FILL x0020
(3036) 0000  0000000000000000 (  62)                 .FILL x0000
(3037) 004D  0000000001001101 (  63)                 .FILL x004D
(3038) 006F  0000000001101111 (  63)                 .FILL x006F
(3039) 006E  0000000001101110 (  63)                 .FILL x006E
(303A) 0064  0000000001100100 (  63)                 .FILL x0064
(303B) 0061  0000000001100001 (  63)                 .FILL x0061
(303C) 0079  0000000001111001 (  63)                 .FILL x0079
(303D) 0020  0000000000100000 (  63)                 .FILL x0020
(303E) 0020  0000000000100000 (  63)                 .FILL x0020
(303F) 0020  0000000000100000 (  63)                 .FILL x0020
(3040) 0000  0000000000000000 (  63)                 .FILL x0000
(3041) 0054  0000000001010100 (  64)                 .FILL x0054
(3042) 0075  0000000001110101 (  64)                 .FILL x0075
(3043) 0065  0000000001100101 (  64)                 .FILL x0065
(3044) 0073  0000000001110011 (  64)                 .FILL x0073
(3045) 0064  0000000001100100 (  64)                 .FILL x0064
(3046) 0061  0000000001100001 (  64)                 .FILL x0061
(3047) 0079  0000000001111001 (  64)                 .FILL x0079
(3048) 0020  0000000000100000 (  64)                 .FILL x0020
(3049) 0020  0000000000100000 (  64)                 .FILL x0020
(304A) 0000  0000000000000000 (  64)                 .FILL x0000
(304B) 0057  0000000001010111 (  65)                 .FILL x0057
(304C) 0065  0000000001100101 (  65)                 .FILL x0065
(304D) 0064  0000000001100100 (  65)                 .FILL x0064
(304E) 006E  0000000001101110 (  65)                 .FILL x006E
(304F) 0065  0000000001100101 (  65)                 .FILL x0065
(3050) 0073  0000000001110011 (  65)                 .FILL x0073
(3051) 0064  0000000001100100 (  65)                 .FILL x0064
(3052) 0061  0000000001100001 (  65)                 .FILL x0061
(3053) 0079  0000000001111001 (  65)                 .FILL x0079
(3054) 0000  0000000000000000 (  65)                 .FILL x0000
(3055) 0054  0000000001010100 (  66)                 .FILL x0054
(3056) 0068  0000000001101000 (  66)                 .FILL x0068
(3057) 0075  0000000001110101 (  66)                 .FILL x0075
(3058) 0072  0000000001110010 (  66)                 .FILL x0072
(3059) 0073  0000000001110011 (  66)                 .FILL x0073
(305A) 0064  0000000001100100 (  66)                 .FILL x0064
(305B) 0061  0000000001100001 (  66)                 .FILL x0061
(305C) 0079  0000000001111001 (  66)                 .FILL x0079
(305D) 0020  0000000000100000 (  66)                 .FILL x0020
(305E) 0000  0000000000000000 (  66)                 .FILL x0000
(305F) 0046  0000000001000110 (  67)                 .FILL x0046
(3060) 0072  0000000001110010 (  67)                 .FILL x0072
(3061) 0069  0000000001101001 (  67)                 .FILL x0069
(3062) 0064  0000000001100100 (  67)                 .FILL x0064
(3063) 0061  0000000001100001 (  67)                 .FILL x0061
(3064) 0079  0000000001111001 (  67)                 .FILL x0079
(3065) 0020  0000000000100000 (  67)                 .FILL x0020
(3066) 0020  0000000000100000 (  67)                 .FILL x0020
(3067) 0020  0000000000100000 (  67)                 .FILL x0020
(3068) 0000  0000000000000000 (  67)                 .FILL x0000
(3069) 0053  0000000001010011 (  68)                 .FILL x0053
(306A) 0061  0000000001100001 (  68)                 .FILL x0061
(306B) 0074  0000000001110100 (  68)                 .FILL x0074
(306C) 0075  0000000001110101 (  68)                 .FILL x0075
(306D) 0072  0000000001110010 (  68)                 .FILL x0072
(306E) 0064  0000000001100100 (  68)                 .FILL x0064
(306F) 0061  0000000001100001 (  68)                 .FILL x0061
(3070) 0079  0000000001111001 (  68)                 .FILL x0079
(3071) 0020  0000000000100000 (  68)                 .FILL x0020
(3072) 0000  0000000000000000 (  68)                 .FILL x0000
(3073) 000A  0000000000001010 (  69) LF              .FILL x000A
